#
# There is insufficient memory for the Java Runtime Environment to continue.
# Native memory allocation (malloc) failed to allocate 803536 bytes for Chunk::new
# Possible reasons:
#   The system is out of physical RAM or swap space
#   In 32 bit mode, the process size limit was hit
# Possible solutions:
#   Reduce memory load on the system
#   Increase physical memory or swap space
#   Check if swap backing store is full
#   Use 64 bit Java on a 64 bit OS
#   Decrease Java heap size (-Xmx/-Xms)
#   Decrease number of Java threads
#   Decrease Java thread stack sizes (-Xss)
#   Set larger code cache with -XX:ReservedCodeCacheSize=
# This output file may be truncated or incomplete.
#
#  Out of Memory Error (allocation.cpp:390), pid=92444, tid=0x0000000000016594
#
# JRE version: Java(TM) SE Runtime Environment (8.0_121-b13) (build 1.8.0_121-b13)
# Java VM: Java HotSpot(TM) 64-Bit Server VM (25.121-b13 mixed mode windows-amd64 compressed oops)
# Failed to write core dump. Minidumps are not enabled by default on client versions of Windows
#

---------------  T H R E A D  ---------------

Current thread (0x0000000015f9b000):  JavaThread "C2 CompilerThread0" daemon [_thread_in_native, id=91540, stack(0x0000000017890000,0x0000000017990000)]

Stack: [0x0000000017890000,0x0000000017990000]
[error occurred during error reporting (printing stack bounds), id 0xc0000005]

Native frames: (J=compiled Java code, j=interpreted, Vv=VM code, C=native code)


Current CompileTask:
C2:  31407 3642       4       java.lang.reflect.Method::toString (20 bytes)


---------------  P R O C E S S  ---------------

Java Threads: ( => current thread )
  0x0000000018067000 JavaThread "pool-2-thread-1" [_thread_blocked, id=93484, stack(0x000000001d830000,0x000000001d930000)]
  0x000000001806a800 JavaThread "File lock request listener" [_thread_in_native, id=93236, stack(0x000000001a3c0000,0x000000001a4c0000)]
  0x0000000017466000 JavaThread "Stdin handler" [_thread_blocked, id=92228, stack(0x000000001a0c0000,0x000000001a1c0000)]
  0x000000001745e800 JavaThread "Asynchronous log dispatcher for DefaultDaemonConnection: socket connection from /127.0.0.1:49287 to /127.0.0.1:49289" [_thread_blocked, id=92164, stack(0x0000000019fc0000,0x000000001a0c0000)]
  0x0000000017452800 JavaThread "Daemon worker" [_thread_in_Java, id=93084, stack(0x0000000019ec0000,0x0000000019fc0000)]
  0x000000001744d000 JavaThread "Cancel handler" [_thread_blocked, id=92728, stack(0x0000000019dc0000,0x0000000019ec0000)]
  0x0000000017488000 JavaThread "Handler for socket connection from /127.0.0.1:49287 to /127.0.0.1:49289" [_thread_in_native, id=92772, stack(0x0000000019cc0000,0x0000000019dc0000)]
  0x0000000018106800 JavaThread "Daemon" [_thread_blocked, id=92840, stack(0x0000000019bc0000,0x0000000019cc0000)]
  0x00000000173c5800 JavaThread "Incoming local TCP Connector on port 49287" [_thread_in_native, id=92876, stack(0x0000000019860000,0x0000000019960000)]
  0x0000000017314800 JavaThread "pool-1-thread-1" [_thread_blocked, id=90668, stack(0x0000000019560000,0x0000000019660000)]
  0x0000000017304000 JavaThread "Service Thread" daemon [_thread_blocked, id=92320, stack(0x0000000017b90000,0x0000000017c90000)]
  0x00000000172e7000 JavaThread "C1 CompilerThread2" daemon [_thread_blocked, id=92388, stack(0x0000000017a90000,0x0000000017b90000)]
  0x00000000172df000 JavaThread "C2 CompilerThread1" daemon [_thread_in_native, id=92912, stack(0x0000000017990000,0x0000000017a90000)]
=>0x0000000015f9b000 JavaThread "C2 CompilerThread0" daemon [_thread_in_native, id=91540, stack(0x0000000017890000,0x0000000017990000)]
  0x0000000015f99800 JavaThread "Attach Listener" daemon [_thread_blocked, id=92468, stack(0x0000000017790000,0x0000000017890000)]
  0x0000000015f4c000 JavaThread "Signal Dispatcher" daemon [_thread_blocked, id=91268, stack(0x0000000017690000,0x0000000017790000)]
  0x0000000015f2a800 JavaThread "Finalizer" daemon [_thread_blocked, id=92792, stack(0x0000000017190000,0x0000000017290000)]
  0x0000000015f09000 JavaThread "Reference Handler" daemon [_thread_blocked, id=81116, stack(0x0000000017090000,0x0000000017190000)]
  0x00000000008cd800 JavaThread "main" [_thread_blocked, id=93056, stack(0x0000000002020000,0x0000000002120000)]

Other Threads:
  0x0000000015f07800 VMThread [stack: 0x0000000016f90000,0x0000000017090000] [id=17468]
  0x000000001735b800 WatcherThread [stack: 0x0000000017c90000,0x0000000017d90000] [id=90564]

VM state:not at safepoint (normal execution)

VM Mutex/Monitor currently owned by a thread: None

Heap:
 PSYoungGen      total 125440K, used 23712K [0x00000000e0000000, 0x00000000e8880000, 0x0000000100000000)
  eden space 114688K, 20% used [0x00000000e0000000,0x00000000e1728118,0x00000000e7000000)
  from space 10752K, 0% used [0x00000000e7e00000,0x00000000e7e00000,0x00000000e8880000)
  to   space 12288K, 0% used [0x00000000e7080000,0x00000000e7080000,0x00000000e7c80000)
 ParOldGen       total 76288K, used 17010K [0x00000000a0000000, 0x00000000a4a80000, 0x00000000e0000000)
  object space 76288K, 22% used [0x00000000a0000000,0x00000000a109ca78,0x00000000a4a80000)
 Metaspace       used 35294K, capacity 36104K, committed 36312K, reserved 1081344K
  class space    used 4851K, capacity 5079K, committed 5120K, reserved 1048576K

Card table byte_map: [0x0000000011990000,0x0000000011ca0000] byte_map_base: 0x0000000011490000

Marking Bits: (ParMarkBitMap*) 0x000000005189b6d0
 Begin Bits: [0x00000000122a0000, 0x0000000013aa0000)
 End Bits:   [0x0000000013aa0000, 0x00000000152a0000)

Polling page: 0x00000000001f0000

CodeCache: size=245760Kb used=12596Kb max_used=12596Kb free=233163Kb
 bounds [0x00000000025d0000, 0x0000000003230000, 0x00000000115d0000]
 total_blobs=4103 nmethods=3389 adapters=625
 compilation: enabled

Compilation events (10 events):
Event: 31.383 Thread 0x00000000172e7000 3720       3       java.util.EnumMap::containsKey (29 bytes)
Event: 31.383 Thread 0x00000000172e7000 nmethod 3720 0x0000000003228c50 code [0x0000000003228dc0, 0x00000000032291a8]
Event: 31.383 Thread 0x00000000172e7000 3722       3       java.util.EnumMap$EntryIterator$Entry::checkIndexForEntryUse (18 bytes)
Event: 31.383 Thread 0x00000000172e7000 nmethod 3722 0x0000000003229310 code [0x0000000003229480, 0x00000000032296e8]
Event: 31.385 Thread 0x00000000172e7000 3727       3       java.util.Formatter$FormatSpecifier::checkBadFlags (39 bytes)
Event: 31.385 Thread 0x00000000172e7000 nmethod 3727 0x00000000032297d0 code [0x0000000003229980, 0x0000000003229e18]
Event: 31.386 Thread 0x00000000172e7000 3728       3       org.gradle.model.internal.manage.schema.extract.ModelPropertyExtractionContext::getAccessor (14 bytes)
Event: 31.386 Thread 0x00000000172e7000 nmethod 3728 0x000000000322a090 code [0x000000000322a200, 0x000000000322a508]
Event: 31.386 Thread 0x00000000172e7000 3729       3       org.gradle.model.internal.manage.schema.extract.StructSchemaExtractionStrategySupport::determinePropertyType (23 bytes)
Event: 31.386 Thread 0x00000000172e7000 nmethod 3729 0x000000000322a610 code [0x000000000322a7e0, 0x000000000322add8]

GC Heap History (10 events):
Event: 22.089 GC heap before
{Heap before GC invocations=4 (full 1):
 PSYoungGen      total 71680K, used 5096K [0x00000000e0000000, 0x00000000e4b00000, 0x0000000100000000)
  eden space 66560K, 0% used [0x00000000e0000000,0x00000000e0000000,0x00000000e4100000)
  from space 5120K, 99% used [0x00000000e4100000,0x00000000e45fa040,0x00000000e4600000)
  to   space 5120K, 0% used [0x00000000e4600000,0x00000000e4600000,0x00000000e4b00000)
 ParOldGen       total 87552K, used 7860K [0x00000000a0000000, 0x00000000a5580000, 0x00000000e0000000)
  object space 87552K, 8% used [0x00000000a0000000,0x00000000a07ad338,0x00000000a5580000)
 Metaspace       used 20710K, capacity 21142K, committed 21248K, reserved 1067008K
  class space    used 2868K, capacity 3043K, committed 3072K, reserved 1048576K
Event: 22.218 GC heap after
Heap after GC invocations=4 (full 1):
 PSYoungGen      total 71680K, used 0K [0x00000000e0000000, 0x00000000e4b00000, 0x0000000100000000)
  eden space 66560K, 0% used [0x00000000e0000000,0x00000000e0000000,0x00000000e4100000)
  from space 5120K, 0% used [0x00000000e4100000,0x00000000e4100000,0x00000000e4600000)
  to   space 5120K, 0% used [0x00000000e4600000,0x00000000e4600000,0x00000000e4b00000)
 ParOldGen       total 58368K, used 11500K [0x00000000a0000000, 0x00000000a3900000, 0x00000000e0000000)
  object space 58368K, 19% used [0x00000000a0000000,0x00000000a0b3b150,0x00000000a3900000)
 Metaspace       used 20710K, capacity 21142K, committed 21248K, reserved 1067008K
  class space    used 2868K, capacity 3043K, committed 3072K, reserved 1048576K
}
Event: 25.603 GC heap before
{Heap before GC invocations=5 (full 1):
 PSYoungGen      total 71680K, used 66560K [0x00000000e0000000, 0x00000000e4b00000, 0x0000000100000000)
  eden space 66560K, 100% used [0x00000000e0000000,0x00000000e4100000,0x00000000e4100000)
  from space 5120K, 0% used [0x00000000e4100000,0x00000000e4100000,0x00000000e4600000)
  to   space 5120K, 0% used [0x00000000e4600000,0x00000000e4600000,0x00000000e4b00000)
 ParOldGen       total 58368K, used 11500K [0x00000000a0000000, 0x00000000a3900000, 0x00000000e0000000)
  object space 58368K, 19% used [0x00000000a0000000,0x00000000a0b3b150,0x00000000a3900000)
 Metaspace       used 26263K, capacity 26770K, committed 27008K, reserved 1073152K
  class space    used 3691K, capacity 3844K, committed 3968K, reserved 1048576K
Event: 25.656 GC heap after
Heap after GC invocations=5 (full 1):
 PSYoungGen      total 71680K, used 5117K [0x00000000e0000000, 0x00000000e7f80000, 0x0000000100000000)
  eden space 66560K, 0% used [0x00000000e0000000,0x00000000e0000000,0x00000000e4100000)
  from space 5120K, 99% used [0x00000000e4600000,0x00000000e4aff400,0x00000000e4b00000)
  to   space 5120K, 0% used [0x00000000e4100000,0x00000000e4100000,0x00000000e4600000)
 ParOldGen       total 58368K, used 13956K [0x00000000a0000000, 0x00000000a3900000, 0x00000000e0000000)
  object space 58368K, 23% used [0x00000000a0000000,0x00000000a0da1060,0x00000000a3900000)
 Metaspace       used 26263K, capacity 26770K, committed 27008K, reserved 1073152K
  class space    used 3691K, capacity 3844K, committed 3968K, reserved 1048576K
}
Event: 27.812 GC heap before
{Heap before GC invocations=6 (full 1):
 PSYoungGen      total 71680K, used 71677K [0x00000000e0000000, 0x00000000e7f80000, 0x0000000100000000)
  eden space 66560K, 100% used [0x00000000e0000000,0x00000000e4100000,0x00000000e4100000)
  from space 5120K, 99% used [0x00000000e4600000,0x00000000e4aff400,0x00000000e4b00000)
  to   space 5120K, 0% used [0x00000000e4100000,0x00000000e4100000,0x00000000e4600000)
 ParOldGen       total 58368K, used 13956K [0x00000000a0000000, 0x00000000a3900000, 0x00000000e0000000)
  object space 58368K, 23% used [0x00000000a0000000,0x00000000a0da1060,0x00000000a3900000)
 Metaspace       used 30304K, capacity 30978K, committed 31104K, reserved 1075200K
  class space    used 4223K, capacity 4411K, committed 4480K, reserved 1048576K
Event: 27.821 GC heap after
Heap after GC invocations=6 (full 1):
 PSYoungGen      total 71680K, used 5092K [0x00000000e0000000, 0x00000000e8900000, 0x0000000100000000)
  eden space 66560K, 0% used [0x00000000e0000000,0x00000000e0000000,0x00000000e4100000)
  from space 5120K, 99% used [0x00000000e4100000,0x00000000e45f9040,0x00000000e4600000)
  to   space 11264K, 0% used [0x00000000e7e00000,0x00000000e7e00000,0x00000000e8900000)
 ParOldGen       total 58368K, used 16636K [0x00000000a0000000, 0x00000000a3900000, 0x00000000e0000000)
  object space 58368K, 28% used [0x00000000a0000000,0x00000000a103f090,0x00000000a3900000)
 Metaspace       used 30304K, capacity 30978K, committed 31104K, reserved 1075200K
  class space    used 4223K, capacity 4411K, committed 4480K, reserved 1048576K
}
Event: 31.005 GC heap before
{Heap before GC invocations=7 (full 1):
 PSYoungGen      total 71680K, used 46753K [0x00000000e0000000, 0x00000000e8900000, 0x0000000100000000)
  eden space 66560K, 62% used [0x00000000e0000000,0x00000000e28af778,0x00000000e4100000)
  from space 5120K, 99% used [0x00000000e4100000,0x00000000e45f9040,0x00000000e4600000)
  to   space 11264K, 0% used [0x00000000e7e00000,0x00000000e7e00000,0x00000000e8900000)
 ParOldGen       total 58368K, used 16636K [0x00000000a0000000, 0x00000000a3900000, 0x00000000e0000000)
  object space 58368K, 28% used [0x00000000a0000000,0x00000000a103f090,0x00000000a3900000)
 Metaspace       used 34544K, capacity 35336K, committed 35416K, reserved 1079296K
  class space    used 4755K, capacity 4951K, committed 4992K, reserved 1048576K
Event: 31.015 GC heap after
Heap after GC invocations=7 (full 1):
 PSYoungGen      total 125440K, used 10301K [0x00000000e0000000, 0x00000000e8880000, 0x0000000100000000)
  eden space 114688K, 0% used [0x00000000e0000000,0x00000000e0000000,0x00000000e7000000)
  from space 10752K, 95% used [0x00000000e7e00000,0x00000000e880f578,0x00000000e8880000)
  to   space 12288K, 0% used [0x00000000e7080000,0x00000000e7080000,0x00000000e7c80000)
 ParOldGen       total 58368K, used 16716K [0x00000000a0000000, 0x00000000a3900000, 0x00000000e0000000)
  object space 58368K, 28% used [0x00000000a0000000,0x00000000a10530a0,0x00000000a3900000)
 Metaspace       used 34544K, capacity 35336K, committed 35416K, reserved 1079296K
  class space    used 4755K, capacity 4951K, committed 4992K, reserved 1048576K
}
Event: 31.015 GC heap before
{Heap before GC invocations=8 (full 2):
 PSYoungGen      total 125440K, used 10301K [0x00000000e0000000, 0x00000000e8880000, 0x0000000100000000)
  eden space 114688K, 0% used [0x00000000e0000000,0x00000000e0000000,0x00000000e7000000)
  from space 10752K, 95% used [0x00000000e7e00000,0x00000000e880f578,0x00000000e8880000)
  to   space 12288K, 0% used [0x00000000e7080000,0x00000000e7080000,0x00000000e7c80000)
 ParOldGen       total 58368K, used 16716K [0x00000000a0000000, 0x00000000a3900000, 0x00000000e0000000)
  object space 58368K, 28% used [0x00000000a0000000,0x00000000a10530a0,0x00000000a3900000)
 Metaspace       used 34544K, capacity 35336K, committed 35416K, reserved 1079296K
  class space    used 4755K, capacity 4951K, committed 4992K, reserved 1048576K
Event: 31.105 GC heap after
Heap after GC invocations=8 (full 2):
 PSYoungGen      total 125440K, used 0K [0x00000000e0000000, 0x00000000e8880000, 0x0000000100000000)
  eden space 114688K, 0% used [0x00000000e0000000,0x00000000e0000000,0x00000000e7000000)
  from space 10752K, 0% used [0x00000000e7e00000,0x00000000e7e00000,0x00000000e8880000)
  to   space 12288K, 0% used [0x00000000e7080000,0x00000000e7080000,0x00000000e7c80000)
 ParOldGen       total 76288K, used 17010K [0x00000000a0000000, 0x00000000a4a80000, 0x00000000e0000000)
  object space 76288K, 22% used [0x00000000a0000000,0x00000000a109ca78,0x00000000a4a80000)
 Metaspace       used 34544K, capacity 35336K, committed 35416K, reserved 1079296K
  class space    used 4755K, capacity 4951K, committed 4992K, reserved 1048576K
}

Deoptimization events (10 events):
Event: 30.356 Thread 0x0000000017452800 Uncommon trap: reason=unstable_if action=reinterpret pc=0x00000000028c5990 method=java.util.regex.Pattern.has(I)Z @ 6
Event: 30.369 Thread 0x0000000017452800 Uncommon trap: reason=unstable_if action=reinterpret pc=0x0000000003004e10 method=java.lang.Integer.valueOf(I)Ljava/lang/Integer; @ 3
Event: 31.277 Thread 0x0000000017452800 Uncommon trap: reason=class_check action=maybe_recompile pc=0x0000000003069788 method=java.util.HashMap.removeNode(ILjava/lang/Object;Ljava/lang/Object;ZZ)Ljava/util/HashMap$Node; @ 68
Event: 31.281 Thread 0x0000000017452800 Uncommon trap: reason=unstable_if action=reinterpret pc=0x00000000028fdd2c method=java.util.HashMap.putVal(ILjava/lang/Object;Ljava/lang/Object;ZZ)Ljava/lang/Object; @ 162
Event: 31.281 Thread 0x0000000017452800 Uncommon trap: reason=unstable_if action=reinterpret pc=0x0000000002e7d928 method=java.util.HashMap.putVal(ILjava/lang/Object;Ljava/lang/Object;ZZ)Ljava/lang/Object; @ 162
Event: 31.281 Thread 0x0000000017452800 Uncommon trap: reason=unstable_if action=reinterpret pc=0x000000000287a988 method=java.util.HashMap.resize()[Ljava/util/HashMap$Node; @ 206
Event: 31.339 Thread 0x0000000017452800 Uncommon trap: reason=uninitialized action=reinterpret pc=0x0000000003069764 method=java.util.HashMap.removeNode(ILjava/lang/Object;Ljava/lang/Object;ZZ)Ljava/util/HashMap$Node; @ 107
Event: 31.345 Thread 0x0000000017452800 Uncommon trap: reason=class_check action=maybe_recompile pc=0x00000000030563b4 method=java.util.HashMap.removeNode(ILjava/lang/Object;Ljava/lang/Object;ZZ)Ljava/util/HashMap$Node; @ 68
Event: 31.374 Thread 0x0000000017452800 Uncommon trap: reason=unstable_if action=reinterpret pc=0x00000000028b7514 method=java.lang.reflect.Modifier.toString(I)Ljava/lang/String; @ 123
Event: 31.374 Thread 0x0000000017452800 Uncommon trap: reason=unstable_if action=reinterpret pc=0x00000000028bd590 method=java.lang.reflect.Modifier.toString(I)Ljava/lang/String; @ 123

Internal exceptions (10 events):
Event: 30.285 Thread 0x0000000017452800 Exception <a 'java/lang/ClassNotFoundException': groovy/lang/GroovyObjectCustomizer> (0x00000000e12605c0) thrown at [C:\re\workspace\8-2-build-windows-amd64-cygwin\jdk8u121\8372\hotspot\src\share\vm\classfile\systemDictionary.cpp, line 210]
Event: 30.286 Thread 0x0000000017452800 Exception <a 'java/lang/ClassNotFoundException': org/gradle/api/ScriptBeanInfo> (0x00000000e128d998) thrown at [C:\re\workspace\8-2-build-windows-amd64-cygwin\jdk8u121\8372\hotspot\src\share\vm\classfile\systemDictionary.cpp, line 210]
Event: 30.286 Thread 0x0000000017452800 Exception <a 'java/lang/ClassNotFoundException': org/gradle/api/ScriptCustomizer> (0x00000000e12ab288) thrown at [C:\re\workspace\8-2-build-windows-amd64-cygwin\jdk8u121\8372\hotspot\src\share\vm\classfile\systemDictionary.cpp, line 210]
Event: 30.288 Thread 0x0000000017452800 Exception <a 'java/lang/ClassNotFoundException': org/gradle/api/internal/file/FileOperationsBeanInfo> (0x00000000e12f40e0) thrown at [C:\re\workspace\8-2-build-windows-amd64-cygwin\jdk8u121\8372\hotspot\src\share\vm\classfile\systemDictionary.cpp, line 21
Event: 30.288 Thread 0x0000000017452800 Exception <a 'java/lang/ClassNotFoundException': org/gradle/api/internal/file/FileOperationsCustomizer> (0x00000000e131c550) thrown at [C:\re\workspace\8-2-build-windows-amd64-cygwin\jdk8u121\8372\hotspot\src\share\vm\classfile\systemDictionary.cpp, line 
Event: 30.289 Thread 0x0000000017452800 Exception <a 'java/lang/ClassNotFoundException': org/gradle/api/internal/ProcessOperationsBeanInfo> (0x00000000e135fca0) thrown at [C:\re\workspace\8-2-build-windows-amd64-cygwin\jdk8u121\8372\hotspot\src\share\vm\classfile\systemDictionary.cpp, line 210]
Event: 30.289 Thread 0x0000000017452800 Exception <a 'java/lang/ClassNotFoundException': org/gradle/api/internal/ProcessOperationsCustomizer> (0x00000000e1387a28) thrown at [C:\re\workspace\8-2-build-windows-amd64-cygwin\jdk8u121\8372\hotspot\src\share\vm\classfile\systemDictionary.cpp, line 21
Event: 30.313 Thread 0x0000000017452800 Exception <a 'java/lang/ClassNotFoundException': build_6k8eexkcjiqy5ak5ic7lma4soBeanInfo> (0x00000000e1444790) thrown at [C:\re\workspace\8-2-build-windows-amd64-cygwin\jdk8u121\8372\hotspot\src\share\vm\classfile\systemDictionary.cpp, line 210]
Event: 30.314 Thread 0x0000000017452800 Exception <a 'java/lang/ClassNotFoundException': build_6k8eexkcjiqy5ak5ic7lma4soCustomizer> (0x00000000e1454bc0) thrown at [C:\re\workspace\8-2-build-windows-amd64-cygwin\jdk8u121\8372\hotspot\src\share\vm\classfile\systemDictionary.cpp, line 210]
Event: 30.596 Thread 0x0000000017452800 Exception <a 'sun/nio/fs/WindowsException'> (0x00000000e1ea4628) thrown at [C:\re\workspace\8-2-build-windows-amd64-cygwin\jdk8u121\8372\hotspot\src\share\vm\prims\jni.cpp, line 709]

Events (10 events):
Event: 31.374 Thread 0x0000000017452800 Uncommon trap: trap_request=0xffffff65 fr.pc=0x00000000028b7514
Event: 31.374 Thread 0x0000000017452800 DEOPT PACKING pc=0x00000000028b7514 sp=0x0000000019fbaef0
Event: 31.374 Thread 0x0000000017452800 DEOPT UNPACKING pc=0x000000000261582a sp=0x0000000019fbae68 mode 2
Event: 31.374 Thread 0x0000000017452800 Uncommon trap: trap_request=0xffffff65 fr.pc=0x00000000028bd590
Event: 31.374 Thread 0x0000000017452800 DEOPT PACKING pc=0x00000000028bd590 sp=0x0000000019fbae60
Event: 31.374 Thread 0x0000000017452800 DEOPT UNPACKING pc=0x000000000261582a sp=0x0000000019fbae58 mode 2
Event: 31.378 loading class org/gradle/api/file/FileVisitDetails
Event: 31.378 loading class org/gradle/api/file/FileVisitDetails done
Event: 31.380 loading class org/gradle/api/file/FileTreeElement
Event: 31.380 loading class org/gradle/api/file/FileTreeElement done


Dynamic libraries:
0x00007ff7178c0000 - 0x00007ff7178f7000 	D:\Program Files\Java\jdk1.8.0_121\bin\java.exe
0x00007ffa890a0000 - 0x00007ffa89261000 	C:\Windows\SYSTEM32\ntdll.dll
0x00007ffa86730000 - 0x00007ffa867dd000 	C:\Windows\system32\KERNEL32.DLL
0x00007ffa85b20000 - 0x00007ffa85d08000 	C:\Windows\system32\KERNELBASE.dll
0x00007ffa88ff0000 - 0x00007ffa89097000 	C:\Windows\system32\ADVAPI32.dll
0x00007ffa86e90000 - 0x00007ffa86f2d000 	C:\Windows\system32\msvcrt.dll
0x00007ffa866d0000 - 0x00007ffa8672b000 	C:\Windows\system32\sechost.dll
0x00007ffa865b0000 - 0x00007ffa866cc000 	C:\Windows\system32\RPCRT4.dll
0x00007ffa86b20000 - 0x00007ffa86c76000 	C:\Windows\system32\USER32.dll
0x00007ffa873f0000 - 0x00007ffa87576000 	C:\Windows\system32\GDI32.dll
0x00007ffa7eaf0000 - 0x00007ffa7ed64000 	C:\Windows\WinSxS\amd64_microsoft.windows.common-controls_6595b64144ccf1df_6.0.10586.0_none_8c15ae12515e1c22\COMCTL32.dll
0x00007ffa86fa0000 - 0x00007ffa8721d000 	C:\Windows\system32\combase.dll
0x00007ffa859e0000 - 0x00007ffa85a4a000 	C:\Windows\system32\bcryptPrimitives.dll
0x00007ffa86cf0000 - 0x00007ffa86d2b000 	C:\Windows\system32\IMM32.DLL
0x0000000051920000 - 0x00000000519f2000 	D:\Program Files\Java\jdk1.8.0_121\jre\bin\msvcr100.dll
0x0000000051080000 - 0x000000005191b000 	D:\Program Files\Java\jdk1.8.0_121\jre\bin\server\jvm.dll
0x00007ffa86f30000 - 0x00007ffa86f38000 	C:\Windows\system32\PSAPI.DLL
0x00007ffa80600000 - 0x00007ffa80609000 	C:\Windows\SYSTEM32\WSOCK32.dll
0x00007ffa86ab0000 - 0x00007ffa86b1b000 	C:\Windows\system32\WS2_32.dll
0x00007ffa838e0000 - 0x00007ffa83903000 	C:\Windows\SYSTEM32\WINMM.dll
0x00007ffa80660000 - 0x00007ffa8066a000 	C:\Windows\SYSTEM32\VERSION.dll
0x00007ffa838b0000 - 0x00007ffa838dc000 	C:\Windows\SYSTEM32\WINMMBASE.dll
0x00007ffa85e00000 - 0x00007ffa85e43000 	C:\Windows\system32\cfgmgr32.dll
0x0000000055230000 - 0x000000005523f000 	D:\Program Files\Java\jdk1.8.0_121\jre\bin\verify.dll
0x0000000051050000 - 0x0000000051079000 	D:\Program Files\Java\jdk1.8.0_121\jre\bin\java.dll
0x0000000051030000 - 0x0000000051046000 	D:\Program Files\Java\jdk1.8.0_121\jre\bin\zip.dll
0x00007ffa87590000 - 0x00007ffa88aec000 	C:\Windows\system32\SHELL32.dll
0x00007ffa85e50000 - 0x00007ffa86495000 	C:\Windows\system32\windows.storage.dll
0x00007ffa86550000 - 0x00007ffa865a2000 	C:\Windows\system32\shlwapi.dll
0x00007ffa85730000 - 0x00007ffa8573f000 	C:\Windows\system32\kernel.appcore.dll
0x00007ffa85920000 - 0x00007ffa859d5000 	C:\Windows\system32\shcore.dll
0x00007ffa856e0000 - 0x00007ffa8572b000 	C:\Windows\system32\powrprof.dll
0x00007ffa856c0000 - 0x00007ffa856d4000 	C:\Windows\system32\profapi.dll
0x0000000051010000 - 0x000000005102a000 	D:\Program Files\Java\jdk1.8.0_121\jre\bin\net.dll
0x00007ffa84fc0000 - 0x00007ffa8501c000 	C:\Windows\system32\mswsock.dll
0x0000000050ff0000 - 0x0000000051001000 	D:\Program Files\Java\jdk1.8.0_121\jre\bin\nio.dll
0x00007ffa7c7f0000 - 0x00007ffa7c80e000 	D:\android_studio\config\.gradle\native\23\windows-amd64\native-platform.dll
0x00007ffa85070000 - 0x00007ffa85087000 	C:\Windows\SYSTEM32\CRYPTSP.dll
0x00007ffa84d00000 - 0x00007ffa84d34000 	C:\Windows\system32\rsaenh.dll
0x00007ffa85290000 - 0x00007ffa852b9000 	C:\Windows\SYSTEM32\bcrypt.dll
0x00007ffa84e50000 - 0x00007ffa84e6f000 	C:\Windows\SYSTEM32\USERENV.dll
0x00007ffa85190000 - 0x00007ffa8519b000 	C:\Windows\SYSTEM32\CRYPTBASE.dll
0x00007ffa7ef20000 - 0x00007ffa7ef58000 	C:\Windows\SYSTEM32\IPHLPAPI.DLL
0x00007ffa86ce0000 - 0x00007ffa86ce8000 	C:\Windows\system32\NSI.dll
0x00007ffa7fd20000 - 0x00007ffa7fd36000 	C:\Windows\SYSTEM32\dhcpcsvc6.DLL
0x00007ffa7ee00000 - 0x00007ffa7ee1a000 	C:\Windows\SYSTEM32\dhcpcsvc.DLL
0x0000000050fe0000 - 0x0000000050fed000 	D:\Program Files\Java\jdk1.8.0_121\jre\bin\management.dll

VM Arguments:
jvm_args: -Xmx1536m -Dfile.encoding=GBK -Duser.country=CN -Duser.language=zh -Duser.variant 
java_command: org.gradle.launcher.daemon.bootstrap.GradleDaemon 3.3
java_class_path (initial): D:\android_studio\config\.gradle\wrapper\dists\gradle-3.3-all\55gk2rcmfc6p2dg9u9ohc3hw9\gradle-3.3\lib\gradle-launcher-3.3.jar
Launcher Type: SUN_STANDARD

Environment Variables:
PATH=C:\ProgramData\Oracle\Java\javapath;C:\Windows\system32;C:\Windows;C:\Windows\System32\Wbem;C:\Windows\System32\WindowsPowerShell\v1.0\;C:\Program Files (x86)\NVIDIA Corporation\PhysX\Common;H:\android_linux\android_sdk;D:\Program Files\Java\jdk1.8.0_121\bin;d:\Program Files\Git\cmd;H:\cygwin64\Cygwin;H:\android_linux\android-ndk-r13b
USERNAME=Administrator
OS=Windows_NT
PROCESSOR_IDENTIFIER=Intel64 Family 6 Model 158 Stepping 9, GenuineIntel



---------------  S Y S T E M  ---------------

OS: Windows 10.0 , 64 bit Build 10586 (10.0.10586.0)

CPU:total 4 (4 cores per cpu, 1 threads per core) family 6 model 158 stepping 9, cmov, cx8, fxsr, mmx, sse, sse2, sse3, ssse3, sse4.1, sse4.2, popcnt, avx, avx2, aes, clmul, erms, rtm, 3dnowpref, lzcnt, tsc, tscinvbit, bmi1, bmi2, adx

Memory: 4k page, physical 8324964k(92684k free), swap 16189536k(5852k free)

vm_info: Java HotSpot(TM) 64-Bit Server VM (25.121-b13) for windows-amd64 JRE (1.8.0_121-b13), built on Dec 12 2016 18:21:36 by "java_re" with MS VC++ 10.0 (VS2010)

time: Sat Aug 12 19:15:44 2017
elapsed time: 31 seconds (0d 0h 0m 31s)

